2016年07月03日 20:01:12  错误: cj.studio.ecm.net.rio.ConnectNioMoniter -  异常：java.net.ConnectException: Connection refused
		at sun.nio.ch.SocketChannelImpl.checkConnect(SocketChannelImpl.java:-2)
		at sun.nio.ch.SocketChannelImpl.finishConnect(SocketChannelImpl.java:717)
		at cj.studio.ecm.net.rio.ConnectNioMoniter.call(ConnectNioMoniter.java:100)
		at java.util.concurrent.FutureTask.run(FutureTask.java:266)
		at java.util.concurrent.ThreadPoolExecutor.runWorker(ThreadPoolExecutor.java:1142)
		at java.util.concurrent.ThreadPoolExecutor$Worker.run(ThreadPoolExecutor.java:617)
		at java.lang.Thread.run(Thread.java:745)
2016年07月03日 20:02:03  错误: cj.studio.ecm.net.rio.ConnectNioMoniter -  异常：java.net.ConnectException: Connection refused
		at sun.nio.ch.SocketChannelImpl.checkConnect(SocketChannelImpl.java:-2)
		at sun.nio.ch.SocketChannelImpl.finishConnect(SocketChannelImpl.java:717)
		at cj.studio.ecm.net.rio.ConnectNioMoniter.call(ConnectNioMoniter.java:100)
		at java.util.concurrent.FutureTask.run(FutureTask.java:266)
		at java.util.concurrent.ThreadPoolExecutor.runWorker(ThreadPoolExecutor.java:1142)
		at java.util.concurrent.ThreadPoolExecutor$Worker.run(ThreadPoolExecutor.java:617)
		at java.lang.Thread.run(Thread.java:745)
2016年07月03日 20:02:10  错误: cj.studio.ecm.net.rio.ConnectNioMoniter -  异常：java.net.ConnectException: Connection refused
		at sun.nio.ch.SocketChannelImpl.checkConnect(SocketChannelImpl.java:-2)
		at sun.nio.ch.SocketChannelImpl.finishConnect(SocketChannelImpl.java:717)
		at cj.studio.ecm.net.rio.ConnectNioMoniter.call(ConnectNioMoniter.java:100)
		at java.util.concurrent.FutureTask.run(FutureTask.java:266)
		at java.util.concurrent.ThreadPoolExecutor.runWorker(ThreadPoolExecutor.java:1142)
		at java.util.concurrent.ThreadPoolExecutor$Worker.run(ThreadPoolExecutor.java:617)
		at java.lang.Thread.run(Thread.java:745)
