2016年12月05日 12:24:48  信息: cj.lns.chip.sos.website.ServiceosModuleContainer - 插件：cj.lns.chip.sos.website.auth-1.0.plugin 已模块化
2016年12月05日 12:24:49  信息: cj.lns.chip.sos.website.ServiceosModuleContainer - 插件：cj.lns.chip.sos.website.portal-1.0.plugin 已模块化
2016年12月05日 12:24:49  信息: cj.lns.chip.sos.website.ServiceosModuleContainer - 插件：cj.lns.chip.sos.website.portal.basic-1.0.plugin 已模块化
2016年12月05日 12:24:49  信息: cj.lns.chip.sos.website.ServiceosModuleContainer - 插件：cj.lns.chip.sos.website.portal.basic.browser-1.0.plugin 已模块化
2016年12月05日 12:24:50  信息: cj.lns.chip.sos.website.ServiceosModuleContainer - 插件：cj.lns.chip.sos.website.market.app-1.0.plugin 已模块化
2016年12月05日 12:24:50  信息: cj.lns.chip.sos.website.ServiceosModuleContainer - 插件：cj.lns.chip.sos.website.market.app.contact-1.0.plugin 已模块化
2016年12月05日 12:24:50  信息: cj.lns.chip.sos.website.ServiceosModuleContainer - 插件：cj.lns.chip.sos.website.market.app.controlpanel-1.0.plugin 已模块化
2016年12月05日 12:24:51  信息: cj.lns.chip.sos.website.ServiceosModuleContainer - 插件：cj.lns.chip.sos.website.market.app.cyberport-1.0.plugin 已模块化
2016年12月05日 12:24:51  信息: cj.lns.chip.sos.website.ServiceosModuleContainer - 插件：cj.lns.chip.sos.website.market.app.esws-1.0.plugin 已模块化
2016年12月05日 12:24:51  信息: cj.lns.chip.sos.website.ServiceosModuleContainer - 插件：cj.lns.chip.sos.website.market.app.framework-1.0.plugin 已模块化
2016年12月05日 12:24:53  信息: cj.lns.chip.sos.website.ServiceosModuleContainer - 插件：cj.lns.chip.sos.website.market.app.home-1.0.plugin 已模块化
2016年12月05日 12:24:53  信息: cj.lns.chip.sos.website.ServiceosModuleContainer - 插件：cj.lns.chip.sos.website.market.menu-1.0.plugin 已模块化
2016年12月05日 12:24:53  信息: cj.lns.chip.sos.website.ServiceosModuleContainer - 插件：cj.lns.chip.sos.website.market.menu.basic-1.0.plugin 已模块化
2016年12月05日 12:24:53  信息: cj.lns.chip.sos.website.ServiceosModuleContainer - 插件：cj.lns.chip.sos.website.market.portlet-1.0.plugin 已模块化
2016年12月05日 12:24:53  信息: cj.lns.chip.sos.website.ServiceosModuleContainer - 插件：cj.lns.chip.sos.website.market.portlet.basic-1.0.plugin 已模块化
2016年12月05日 12:24:53  信息: cj.lns.chip.sos.website.ServiceosModuleContainer - 插件：cj.lns.chip.sos.website.workbench-1.0.plugin 已模块化
2016年12月05日 12:24:53  信息: cj.lns.chip.sos.website.ServiceosModuleContainer - 插件：cj.lns.chip.sos.website.desktop-1.0.plugin 已模块化
2016年12月05日 12:24:53  信息: cj.lns.chip.sos.website.ServiceosModuleContainer - 插件：cj.lns.chip.sos.website.menubar-1.0.plugin 已模块化
2016年12月05日 12:24:53  信息: cj.lns.chip.sos.website.ServiceosModuleContainer - 插件：cj.lns.chip.sos.website.portlet-1.0.plugin 已模块化
2016年12月05日 12:24:54  信息: cj.lns.chip.sos.website.ServiceosModuleContainer - 插件：cj.lns.chip.sos.website.sossiteinfo-1.0.plugin 已模块化
2016年12月05日 12:24:54  信息: cj.lns.chip.sos.website.ServiceosModuleContainer - 插件：cj.lns.chip.sos.website.startmenu-1.0.plugin 已模块化
2016年12月05日 12:24:54  信息: cj.lns.chip.sos.website.ServiceosModuleContainer - 插件：cj.lns.chip.sos.website.portal.basic.mobile-1.0.plugin 已模块化
2016年12月05日 12:24:54  信息: cj.lns.chip.sos.website.ServiceosModuleContainer - 插件：cj.lns.chip.sos.website.resource-1.0.plugin 已模块化
2016年12月05日 12:24:54  信息: cj.lns.chip.sos.website.ServiceosModuleContainer - 插件：cj.lns.chip.sos.website.security-1.0.plugin 已模块化
2016年12月05日 12:24:54  信息: cj.lns.chip.sos.website.ServiceosModuleContainer - 插件：cj.lns.chip.sos.website.sws-1.0.plugin 已模块化
2016年12月05日 12:24:54  信息: cj.lns.chip.sos.website.ServiceosModuleContainer - 插件：cj.lns.chip.sos.website-1.0.jar 已模块化
2016年12月05日 12:24:54  信息: cj.lns.chip.sos.website.portal.ModuleEntrypoint - 框架:cjdk的市场已初始化
2016年12月05日 12:24:55  信息: cj.lns.chip.sos.website.ServiceOSActivator - 完成serviceos模块回路组装
2016年12月07日 14:11:39  信息: cj.lns.chip.sos.website.ServiceosModuleContainer - 插件：cj.lns.chip.sos.website.auth-1.0.plugin 已模块化
2016年12月07日 14:11:39  信息: cj.lns.chip.sos.website.ServiceosModuleContainer - 插件：cj.lns.chip.sos.website.portal-1.0.plugin 已模块化
2016年12月07日 14:11:39  信息: cj.lns.chip.sos.website.ServiceosModuleContainer - 插件：cj.lns.chip.sos.website.portal.basic-1.0.plugin 已模块化
2016年12月07日 14:11:40  信息: cj.lns.chip.sos.website.ServiceosModuleContainer - 插件：cj.lns.chip.sos.website.portal.basic.browser-1.0.plugin 已模块化
2016年12月07日 14:11:40  信息: cj.lns.chip.sos.website.ServiceosModuleContainer - 插件：cj.lns.chip.sos.website.market.app-1.0.plugin 已模块化
2016年12月07日 14:11:40  信息: cj.lns.chip.sos.website.ServiceosModuleContainer - 插件：cj.lns.chip.sos.website.market.app.contact-1.0.plugin 已模块化
2016年12月07日 14:11:40  信息: cj.lns.chip.sos.website.ServiceosModuleContainer - 插件：cj.lns.chip.sos.website.market.app.controlpanel-1.0.plugin 已模块化
2016年12月07日 14:11:42  信息: cj.lns.chip.sos.website.ServiceosModuleContainer - 插件：cj.lns.chip.sos.website.market.app.cyberport-1.0.plugin 已模块化
2016年12月07日 14:11:43  信息: cj.lns.chip.sos.website.ServiceosModuleContainer - 插件：cj.lns.chip.sos.website.market.app.esws-1.0.plugin 已模块化
2016年12月07日 14:11:43  信息: cj.lns.chip.sos.website.ServiceosModuleContainer - 插件：cj.lns.chip.sos.website.market.app.framework-1.0.plugin 已模块化
2016年12月07日 14:11:45  信息: cj.lns.chip.sos.website.ServiceosModuleContainer - 插件：cj.lns.chip.sos.website.market.app.home-1.0.plugin 已模块化
2016年12月07日 14:11:45  信息: cj.lns.chip.sos.website.ServiceosModuleContainer - 插件：cj.lns.chip.sos.website.market.menu-1.0.plugin 已模块化
2016年12月07日 14:11:45  信息: cj.lns.chip.sos.website.ServiceosModuleContainer - 插件：cj.lns.chip.sos.website.market.menu.basic-1.0.plugin 已模块化
2016年12月07日 14:11:46  信息: cj.lns.chip.sos.website.ServiceosModuleContainer - 插件：cj.lns.chip.sos.website.market.portlet-1.0.plugin 已模块化
2016年12月07日 14:11:46  信息: cj.lns.chip.sos.website.ServiceosModuleContainer - 插件：cj.lns.chip.sos.website.market.portlet.basic-1.0.plugin 已模块化
2016年12月07日 14:11:46  信息: cj.lns.chip.sos.website.ServiceosModuleContainer - 插件：cj.lns.chip.sos.website.workbench-1.0.plugin 已模块化
2016年12月07日 14:11:46  信息: cj.lns.chip.sos.website.ServiceosModuleContainer - 插件：cj.lns.chip.sos.website.desktop-1.0.plugin 已模块化
2016年12月07日 14:11:46  信息: cj.lns.chip.sos.website.ServiceosModuleContainer - 插件：cj.lns.chip.sos.website.menubar-1.0.plugin 已模块化
2016年12月07日 14:11:46  信息: cj.lns.chip.sos.website.ServiceosModuleContainer - 插件：cj.lns.chip.sos.website.portlet-1.0.plugin 已模块化
2016年12月07日 14:11:46  信息: cj.lns.chip.sos.website.ServiceosModuleContainer - 插件：cj.lns.chip.sos.website.sossiteinfo-1.0.plugin 已模块化
2016年12月07日 14:11:46  信息: cj.lns.chip.sos.website.ServiceosModuleContainer - 插件：cj.lns.chip.sos.website.startmenu-1.0.plugin 已模块化
2016年12月07日 14:11:46  信息: cj.lns.chip.sos.website.ServiceosModuleContainer - 插件：cj.lns.chip.sos.website.portal.basic.mobile-1.0.plugin 已模块化
2016年12月07日 14:11:46  信息: cj.lns.chip.sos.website.ServiceosModuleContainer - 插件：cj.lns.chip.sos.website.resource-1.0.plugin 已模块化
2016年12月07日 14:11:46  信息: cj.lns.chip.sos.website.ServiceosModuleContainer - 插件：cj.lns.chip.sos.website.security-1.0.plugin 已模块化
2016年12月07日 14:11:47  信息: cj.lns.chip.sos.website.ServiceosModuleContainer - 插件：cj.lns.chip.sos.website.sws-1.0.plugin 已模块化
2016年12月07日 14:11:47  信息: cj.lns.chip.sos.website.ServiceosModuleContainer - 插件：cj.lns.chip.sos.website-1.0.jar 已模块化
2016年12月07日 14:11:47  信息: cj.lns.chip.sos.website.portal.ModuleEntrypoint - 框架:cjdk的市场已初始化
2016年12月07日 14:11:47  信息: cj.lns.chip.sos.website.ServiceOSActivator - 完成serviceos模块回路组装
2016年12月07日 16:25:06  信息: cj.lns.chip.sos.website.ServiceosModuleContainer - 插件：cj.lns.chip.sos.website.auth-1.0.plugin 已模块化
2016年12月07日 16:25:06  信息: cj.lns.chip.sos.website.ServiceosModuleContainer - 插件：cj.lns.chip.sos.website.portal-1.0.plugin 已模块化
2016年12月07日 16:25:06  信息: cj.lns.chip.sos.website.ServiceosModuleContainer - 插件：cj.lns.chip.sos.website.portal.basic-1.0.plugin 已模块化
2016年12月07日 16:25:07  信息: cj.lns.chip.sos.website.ServiceosModuleContainer - 插件：cj.lns.chip.sos.website.portal.basic.browser-1.0.plugin 已模块化
2016年12月07日 16:25:07  信息: cj.lns.chip.sos.website.ServiceosModuleContainer - 插件：cj.lns.chip.sos.website.market.app-1.0.plugin 已模块化
2016年12月07日 16:25:07  信息: cj.lns.chip.sos.website.ServiceosModuleContainer - 插件：cj.lns.chip.sos.website.market.app.contact-1.0.plugin 已模块化
2016年12月07日 16:25:07  信息: cj.lns.chip.sos.website.ServiceosModuleContainer - 插件：cj.lns.chip.sos.website.market.app.controlpanel-1.0.plugin 已模块化
2016年12月07日 16:25:09  信息: cj.lns.chip.sos.website.ServiceosModuleContainer - 插件：cj.lns.chip.sos.website.market.app.cyberport-1.0.plugin 已模块化
2016年12月07日 16:25:09  信息: cj.lns.chip.sos.website.ServiceosModuleContainer - 插件：cj.lns.chip.sos.website.market.app.esws-1.0.plugin 已模块化
2016年12月07日 16:25:09  信息: cj.lns.chip.sos.website.ServiceosModuleContainer - 插件：cj.lns.chip.sos.website.market.app.framework-1.0.plugin 已模块化
2016年12月07日 16:25:11  信息: cj.lns.chip.sos.website.ServiceosModuleContainer - 插件：cj.lns.chip.sos.website.market.app.home-1.0.plugin 已模块化
2016年12月07日 16:25:11  信息: cj.lns.chip.sos.website.ServiceosModuleContainer - 插件：cj.lns.chip.sos.website.market.menu-1.0.plugin 已模块化
2016年12月07日 16:25:11  信息: cj.lns.chip.sos.website.ServiceosModuleContainer - 插件：cj.lns.chip.sos.website.market.menu.basic-1.0.plugin 已模块化
2016年12月07日 16:25:11  信息: cj.lns.chip.sos.website.ServiceosModuleContainer - 插件：cj.lns.chip.sos.website.market.portlet-1.0.plugin 已模块化
2016年12月07日 16:25:12  信息: cj.lns.chip.sos.website.ServiceosModuleContainer - 插件：cj.lns.chip.sos.website.market.portlet.basic-1.0.plugin 已模块化
2016年12月07日 16:25:12  信息: cj.lns.chip.sos.website.ServiceosModuleContainer - 插件：cj.lns.chip.sos.website.workbench-1.0.plugin 已模块化
2016年12月07日 16:25:12  信息: cj.lns.chip.sos.website.ServiceosModuleContainer - 插件：cj.lns.chip.sos.website.desktop-1.0.plugin 已模块化
2016年12月07日 16:25:12  信息: cj.lns.chip.sos.website.ServiceosModuleContainer - 插件：cj.lns.chip.sos.website.menubar-1.0.plugin 已模块化
2016年12月07日 16:25:12  信息: cj.lns.chip.sos.website.ServiceosModuleContainer - 插件：cj.lns.chip.sos.website.portlet-1.0.plugin 已模块化
2016年12月07日 16:25:12  信息: cj.lns.chip.sos.website.ServiceosModuleContainer - 插件：cj.lns.chip.sos.website.sossiteinfo-1.0.plugin 已模块化
2016年12月07日 16:25:12  信息: cj.lns.chip.sos.website.ServiceosModuleContainer - 插件：cj.lns.chip.sos.website.startmenu-1.0.plugin 已模块化
2016年12月07日 16:25:12  信息: cj.lns.chip.sos.website.ServiceosModuleContainer - 插件：cj.lns.chip.sos.website.portal.basic.mobile-1.0.plugin 已模块化
2016年12月07日 16:25:12  信息: cj.lns.chip.sos.website.ServiceosModuleContainer - 插件：cj.lns.chip.sos.website.resource-1.0.plugin 已模块化
2016年12月07日 16:25:13  信息: cj.lns.chip.sos.website.ServiceosModuleContainer - 插件：cj.lns.chip.sos.website.security-1.0.plugin 已模块化
2016年12月07日 16:25:13  信息: cj.lns.chip.sos.website.ServiceosModuleContainer - 插件：cj.lns.chip.sos.website.sws-1.0.plugin 已模块化
2016年12月07日 16:25:13  信息: cj.lns.chip.sos.website.ServiceosModuleContainer - 插件：cj.lns.chip.sos.website-1.0.jar 已模块化
2016年12月07日 16:25:13  信息: cj.lns.chip.sos.website.portal.ModuleEntrypoint - 框架:cjdk的市场已初始化
2016年12月07日 16:25:14  信息: cj.lns.chip.sos.website.ServiceOSActivator - 完成serviceos模块回路组装
2016年12月08日 08:16:14  信息: cj.lns.chip.sos.website.ServiceosModuleContainer - 插件：cj.lns.chip.sos.website.auth-1.0.plugin 已模块化
2016年12月08日 08:16:14  信息: cj.lns.chip.sos.website.ServiceosModuleContainer - 插件：cj.lns.chip.sos.website.portal-1.0.plugin 已模块化
2016年12月08日 08:16:14  信息: cj.lns.chip.sos.website.ServiceosModuleContainer - 插件：cj.lns.chip.sos.website.portal.basic-1.0.plugin 已模块化
2016年12月08日 08:16:15  信息: cj.lns.chip.sos.website.ServiceosModuleContainer - 插件：cj.lns.chip.sos.website.portal.basic.browser-1.0.plugin 已模块化
2016年12月08日 08:16:15  信息: cj.lns.chip.sos.website.ServiceosModuleContainer - 插件：cj.lns.chip.sos.website.market.app-1.0.plugin 已模块化
2016年12月08日 08:16:15  信息: cj.lns.chip.sos.website.ServiceosModuleContainer - 插件：cj.lns.chip.sos.website.market.app.contact-1.0.plugin 已模块化
2016年12月08日 08:16:15  信息: cj.lns.chip.sos.website.ServiceosModuleContainer - 插件：cj.lns.chip.sos.website.market.app.controlpanel-1.0.plugin 已模块化
2016年12月08日 08:16:17  信息: cj.lns.chip.sos.website.ServiceosModuleContainer - 插件：cj.lns.chip.sos.website.market.app.cyberport-1.0.plugin 已模块化
2016年12月08日 08:16:17  信息: cj.lns.chip.sos.website.ServiceosModuleContainer - 插件：cj.lns.chip.sos.website.market.app.esws-1.0.plugin 已模块化
2016年12月08日 08:16:17  信息: cj.lns.chip.sos.website.ServiceosModuleContainer - 插件：cj.lns.chip.sos.website.market.app.framework-1.0.plugin 已模块化
2016年12月08日 08:16:19  信息: cj.lns.chip.sos.website.ServiceosModuleContainer - 插件：cj.lns.chip.sos.website.market.app.home-1.0.plugin 已模块化
2016年12月08日 08:16:19  信息: cj.lns.chip.sos.website.ServiceosModuleContainer - 插件：cj.lns.chip.sos.website.market.menu-1.0.plugin 已模块化
2016年12月08日 08:16:19  信息: cj.lns.chip.sos.website.ServiceosModuleContainer - 插件：cj.lns.chip.sos.website.market.menu.basic-1.0.plugin 已模块化
2016年12月08日 08:16:19  信息: cj.lns.chip.sos.website.ServiceosModuleContainer - 插件：cj.lns.chip.sos.website.market.portlet-1.0.plugin 已模块化
2016年12月08日 08:16:19  信息: cj.lns.chip.sos.website.ServiceosModuleContainer - 插件：cj.lns.chip.sos.website.market.portlet.basic-1.0.plugin 已模块化
2016年12月08日 08:16:19  信息: cj.lns.chip.sos.website.ServiceosModuleContainer - 插件：cj.lns.chip.sos.website.workbench-1.0.plugin 已模块化
2016年12月08日 08:16:20  信息: cj.lns.chip.sos.website.ServiceosModuleContainer - 插件：cj.lns.chip.sos.website.desktop-1.0.plugin 已模块化
2016年12月08日 08:16:20  信息: cj.lns.chip.sos.website.ServiceosModuleContainer - 插件：cj.lns.chip.sos.website.menubar-1.0.plugin 已模块化
2016年12月08日 08:16:20  信息: cj.lns.chip.sos.website.ServiceosModuleContainer - 插件：cj.lns.chip.sos.website.portlet-1.0.plugin 已模块化
2016年12月08日 08:16:20  信息: cj.lns.chip.sos.website.ServiceosModuleContainer - 插件：cj.lns.chip.sos.website.sossiteinfo-1.0.plugin 已模块化
2016年12月08日 08:16:20  信息: cj.lns.chip.sos.website.ServiceosModuleContainer - 插件：cj.lns.chip.sos.website.startmenu-1.0.plugin 已模块化
2016年12月08日 08:16:20  信息: cj.lns.chip.sos.website.ServiceosModuleContainer - 插件：cj.lns.chip.sos.website.portal.basic.mobile-1.0.plugin 已模块化
2016年12月08日 08:16:20  信息: cj.lns.chip.sos.website.ServiceosModuleContainer - 插件：cj.lns.chip.sos.website.resource-1.0.plugin 已模块化
2016年12月08日 08:16:20  信息: cj.lns.chip.sos.website.ServiceosModuleContainer - 插件：cj.lns.chip.sos.website.security-1.0.plugin 已模块化
2016年12月08日 08:16:21  信息: cj.lns.chip.sos.website.ServiceosModuleContainer - 插件：cj.lns.chip.sos.website.sws-1.0.plugin 已模块化
2016年12月08日 08:16:21  信息: cj.lns.chip.sos.website.ServiceosModuleContainer - 插件：cj.lns.chip.sos.website-1.0.jar 已模块化
2016年12月08日 08:16:21  信息: cj.lns.chip.sos.website.portal.ModuleEntrypoint - 框架:cjdk的市场已初始化
2016年12月08日 08:16:22  信息: cj.lns.chip.sos.website.ServiceOSActivator - 完成serviceos模块回路组装
2016年12月17日 20:31:26  信息: cj.lns.chip.sos.website.ServiceosModuleContainer - 插件：cj.lns.chip.sos.website.auth-1.0.plugin 已模块化
2016年12月17日 20:31:26  信息: cj.lns.chip.sos.website.ServiceosModuleContainer - 插件：cj.lns.chip.sos.website.portal-1.0.plugin 已模块化
2016年12月17日 20:31:26  信息: cj.lns.chip.sos.website.ServiceosModuleContainer - 插件：cj.lns.chip.sos.website.portal.basic-1.0.plugin 已模块化
2016年12月17日 20:31:27  信息: cj.lns.chip.sos.website.ServiceosModuleContainer - 插件：cj.lns.chip.sos.website.portal.basic.browser-1.0.plugin 已模块化
2016年12月17日 20:31:27  信息: cj.lns.chip.sos.website.ServiceosModuleContainer - 插件：cj.lns.chip.sos.website.market.app-1.0.plugin 已模块化
2016年12月17日 20:31:27  信息: cj.lns.chip.sos.website.ServiceosModuleContainer - 插件：cj.lns.chip.sos.website.market.app.contact-1.0.plugin 已模块化
2016年12月17日 20:31:27  信息: cj.lns.chip.sos.website.ServiceosModuleContainer - 插件：cj.lns.chip.sos.website.market.app.controlpanel-1.0.plugin 已模块化
2016年12月17日 20:31:29  信息: cj.lns.chip.sos.website.ServiceosModuleContainer - 插件：cj.lns.chip.sos.website.market.app.cyberport-1.0.plugin 已模块化
2016年12月17日 20:31:29  信息: cj.lns.chip.sos.website.ServiceosModuleContainer - 插件：cj.lns.chip.sos.website.market.app.esws-1.0.plugin 已模块化
2016年12月17日 20:31:29  信息: cj.lns.chip.sos.website.ServiceosModuleContainer - 插件：cj.lns.chip.sos.website.market.app.framework-1.0.plugin 已模块化
2016年12月17日 20:31:31  信息: cj.lns.chip.sos.website.ServiceosModuleContainer - 插件：cj.lns.chip.sos.website.market.app.home-1.0.plugin 已模块化
2016年12月17日 20:31:31  信息: cj.lns.chip.sos.website.ServiceosModuleContainer - 插件：cj.lns.chip.sos.website.market.menu-1.0.plugin 已模块化
2016年12月17日 20:31:31  信息: cj.lns.chip.sos.website.ServiceosModuleContainer - 插件：cj.lns.chip.sos.website.market.menu.basic-1.0.plugin 已模块化
2016年12月17日 20:31:31  信息: cj.lns.chip.sos.website.ServiceosModuleContainer - 插件：cj.lns.chip.sos.website.market.portlet-1.0.plugin 已模块化
2016年12月17日 20:31:31  信息: cj.lns.chip.sos.website.ServiceosModuleContainer - 插件：cj.lns.chip.sos.website.market.portlet.basic-1.0.plugin 已模块化
2016年12月17日 20:31:31  信息: cj.lns.chip.sos.website.ServiceosModuleContainer - 插件：cj.lns.chip.sos.website.workbench-1.0.plugin 已模块化
2016年12月17日 20:31:31  信息: cj.lns.chip.sos.website.ServiceosModuleContainer - 插件：cj.lns.chip.sos.website.desktop-1.0.plugin 已模块化
2016年12月17日 20:31:31  信息: cj.lns.chip.sos.website.ServiceosModuleContainer - 插件：cj.lns.chip.sos.website.menubar-1.0.plugin 已模块化
2016年12月17日 20:31:32  信息: cj.lns.chip.sos.website.ServiceosModuleContainer - 插件：cj.lns.chip.sos.website.portlet-1.0.plugin 已模块化
2016年12月17日 20:31:32  信息: cj.lns.chip.sos.website.ServiceosModuleContainer - 插件：cj.lns.chip.sos.website.sossiteinfo-1.0.plugin 已模块化
2016年12月17日 20:31:32  信息: cj.lns.chip.sos.website.ServiceosModuleContainer - 插件：cj.lns.chip.sos.website.startmenu-1.0.plugin 已模块化
2016年12月17日 20:31:32  信息: cj.lns.chip.sos.website.ServiceosModuleContainer - 插件：cj.lns.chip.sos.website.portal.basic.mobile-1.0.plugin 已模块化
2016年12月17日 20:31:32  信息: cj.lns.chip.sos.website.ServiceosModuleContainer - 插件：cj.lns.chip.sos.website.resource-1.0.plugin 已模块化
2016年12月17日 20:31:32  信息: cj.lns.chip.sos.website.ServiceosModuleContainer - 插件：cj.lns.chip.sos.website.security-1.0.plugin 已模块化
2016年12月17日 20:31:33  信息: cj.lns.chip.sos.website.ServiceosModuleContainer - 插件：cj.lns.chip.sos.website.sws-1.0.plugin 已模块化
2016年12月17日 20:31:33  信息: cj.lns.chip.sos.website.ServiceosModuleContainer - 插件：cj.lns.chip.sos.website-1.0.jar 已模块化
2016年12月17日 20:31:33  信息: cj.lns.chip.sos.website.portal.ModuleEntrypoint - 框架:cjdk的市场已初始化
2016年12月17日 20:31:33  信息: cj.lns.chip.sos.website.ServiceOSActivator - 完成serviceos模块回路组装
2016年12月17日 20:38:31  信息: cj.lns.chip.sos.website.ServiceosModuleContainer - 插件：cj.lns.chip.sos.website.auth-1.0.plugin 已模块化
2016年12月17日 20:38:31  信息: cj.lns.chip.sos.website.ServiceosModuleContainer - 插件：cj.lns.chip.sos.website.portal-1.0.plugin 已模块化
2016年12月17日 20:38:31  信息: cj.lns.chip.sos.website.ServiceosModuleContainer - 插件：cj.lns.chip.sos.website.portal.basic-1.0.plugin 已模块化
2016年12月17日 20:38:31  信息: cj.lns.chip.sos.website.ServiceosModuleContainer - 插件：cj.lns.chip.sos.website.portal.basic.browser-1.0.plugin 已模块化
2016年12月17日 20:38:31  信息: cj.lns.chip.sos.website.ServiceosModuleContainer - 插件：cj.lns.chip.sos.website.market.app-1.0.plugin 已模块化
2016年12月17日 20:38:31  信息: cj.lns.chip.sos.website.ServiceosModuleContainer - 插件：cj.lns.chip.sos.website.market.app.contact-1.0.plugin 已模块化
2016年12月17日 20:38:31  信息: cj.lns.chip.sos.website.ServiceosModuleContainer - 插件：cj.lns.chip.sos.website.market.app.controlpanel-1.0.plugin 已模块化
2016年12月17日 21:19:06  信息: cj.lns.chip.sos.website.ServiceosModuleContainer - 插件：cj.lns.chip.sos.website.auth-1.0.plugin 已模块化
2016年12月17日 21:19:06  信息: cj.lns.chip.sos.website.ServiceosModuleContainer - 插件：cj.lns.chip.sos.website.portal-1.0.plugin 已模块化
2016年12月17日 21:19:06  信息: cj.lns.chip.sos.website.ServiceosModuleContainer - 插件：cj.lns.chip.sos.website.portal.basic-1.0.plugin 已模块化
2016年12月17日 21:19:06  信息: cj.lns.chip.sos.website.ServiceosModuleContainer - 插件：cj.lns.chip.sos.website.portal.basic.browser-1.0.plugin 已模块化
2016年12月17日 21:19:06  信息: cj.lns.chip.sos.website.ServiceosModuleContainer - 插件：cj.lns.chip.sos.website.market.app-1.0.plugin 已模块化
2016年12月17日 21:19:07  信息: cj.lns.chip.sos.website.ServiceosModuleContainer - 插件：cj.lns.chip.sos.website.market.app.contact-1.0.plugin 已模块化
2016年12月17日 21:19:07  信息: cj.lns.chip.sos.website.ServiceosModuleContainer - 插件：cj.lns.chip.sos.website.market.app.controlpanel-1.0.plugin 已模块化
2016年12月17日 21:19:08  信息: cj.lns.chip.sos.website.ServiceosModuleContainer - 插件：cj.lns.chip.sos.website.market.app.cyberport-1.0.plugin 已模块化
2016年12月17日 21:19:08  信息: cj.lns.chip.sos.website.ServiceosModuleContainer - 插件：cj.lns.chip.sos.website.market.app.esws-1.0.plugin 已模块化
2016年12月17日 21:19:08  信息: cj.lns.chip.sos.website.ServiceosModuleContainer - 插件：cj.lns.chip.sos.website.market.app.framework-1.0.plugin 已模块化
2016年12月17日 21:19:09  信息: cj.lns.chip.sos.website.ServiceosModuleContainer - 插件：cj.lns.chip.sos.website.market.app.home-1.0.plugin 已模块化
2016年12月17日 21:19:10  信息: cj.lns.chip.sos.website.ServiceosModuleContainer - 插件：cj.lns.chip.sos.website.market.menu-1.0.plugin 已模块化
2016年12月17日 21:19:10  信息: cj.lns.chip.sos.website.ServiceosModuleContainer - 插件：cj.lns.chip.sos.website.market.menu.basic-1.0.plugin 已模块化
2016年12月17日 21:19:10  信息: cj.lns.chip.sos.website.ServiceosModuleContainer - 插件：cj.lns.chip.sos.website.market.portlet-1.0.plugin 已模块化
2016年12月17日 21:19:10  信息: cj.lns.chip.sos.website.ServiceosModuleContainer - 插件：cj.lns.chip.sos.website.market.portlet.basic-1.0.plugin 已模块化
2016年12月17日 21:19:10  信息: cj.lns.chip.sos.website.ServiceosModuleContainer - 插件：cj.lns.chip.sos.website.workbench-1.0.plugin 已模块化
2016年12月17日 21:19:10  信息: cj.lns.chip.sos.website.ServiceosModuleContainer - 插件：cj.lns.chip.sos.website.desktop-1.0.plugin 已模块化
2016年12月17日 21:19:10  信息: cj.lns.chip.sos.website.ServiceosModuleContainer - 插件：cj.lns.chip.sos.website.menubar-1.0.plugin 已模块化
2016年12月17日 21:19:10  信息: cj.lns.chip.sos.website.ServiceosModuleContainer - 插件：cj.lns.chip.sos.website.portlet-1.0.plugin 已模块化
2016年12月17日 21:19:10  信息: cj.lns.chip.sos.website.ServiceosModuleContainer - 插件：cj.lns.chip.sos.website.sossiteinfo-1.0.plugin 已模块化
2016年12月17日 21:19:10  信息: cj.lns.chip.sos.website.ServiceosModuleContainer - 插件：cj.lns.chip.sos.website.startmenu-1.0.plugin 已模块化
2016年12月17日 21:19:11  信息: cj.lns.chip.sos.website.ServiceosModuleContainer - 插件：cj.lns.chip.sos.website.portal.basic.mobile-1.0.plugin 已模块化
2016年12月17日 21:19:11  信息: cj.lns.chip.sos.website.ServiceosModuleContainer - 插件：cj.lns.chip.sos.website.resource-1.0.plugin 已模块化
2016年12月17日 21:19:11  信息: cj.lns.chip.sos.website.ServiceosModuleContainer - 插件：cj.lns.chip.sos.website.security-1.0.plugin 已模块化
2016年12月17日 21:19:11  信息: cj.lns.chip.sos.website.ServiceosModuleContainer - 插件：cj.lns.chip.sos.website.sws-1.0.plugin 已模块化
2016年12月17日 21:19:11  信息: cj.lns.chip.sos.website.ServiceosModuleContainer - 插件：cj.lns.chip.sos.website-1.0.jar 已模块化
2016年12月17日 21:19:11  信息: cj.lns.chip.sos.website.portal.ModuleEntrypoint - 框架:cjdk的市场已初始化
2016年12月17日 21:19:11  信息: cj.lns.chip.sos.website.ServiceOSActivator - 完成serviceos模块回路组装
